p:\problem sets vs\opengl_learning\asteroid_1979\debug\vc141.pdb
p:\problem sets vs\opengl_learning\asteroid_1979\debug\vc141.idb
p:\problem sets vs\opengl_learning\asteroid_1979\debug\gamesystem.obj
p:\problem sets vs\opengl_learning\asteroid_1979\debug\main.obj
p:\problem sets vs\opengl_learning\asteroid_1979\debug\spaceasteroid.obj
p:\problem sets vs\opengl_learning\asteroid_1979\debug\spaceobject.obj
p:\problem sets vs\opengl_learning\asteroid_1979\debug\player.obj
p:\problem sets vs\opengl_learning\asteroid_1979\debug\audioengine.obj.enc
p:\problem sets vs\opengl_learning\asteroid_1979\debug\main.obj.enc
p:\problem sets vs\opengl_learning\debug\asteroid_1979.pdb
p:\problem sets vs\opengl_learning\asteroid_1979\debug\asteroid_1979.tlog\cl.command.1.tlog
p:\problem sets vs\opengl_learning\asteroid_1979\debug\asteroid_1979.tlog\cl.read.1.tlog
p:\problem sets vs\opengl_learning\asteroid_1979\debug\asteroid_1979.tlog\cl.write.1.tlog
p:\problem sets vs\opengl_learning\asteroid_1979\debug\asteroid_1979.tlog\link-cvtres.read.1.tlog
p:\problem sets vs\opengl_learning\asteroid_1979\debug\asteroid_1979.tlog\link-cvtres.write.1.tlog
p:\problem sets vs\opengl_learning\asteroid_1979\debug\asteroid_1979.tlog\link-rc.read.1.tlog
p:\problem sets vs\opengl_learning\asteroid_1979\debug\asteroid_1979.tlog\link-rc.write.1.tlog
p:\problem sets vs\opengl_learning\asteroid_1979\debug\asteroid_1979.tlog\link.14000-cvtres.read.1.tlog
p:\problem sets vs\opengl_learning\asteroid_1979\debug\asteroid_1979.tlog\link.14000-cvtres.write.1.tlog
p:\problem sets vs\opengl_learning\asteroid_1979\debug\asteroid_1979.tlog\link.14000-rc.read.1.tlog
p:\problem sets vs\opengl_learning\asteroid_1979\debug\asteroid_1979.tlog\link.14000-rc.write.1.tlog
p:\problem sets vs\opengl_learning\asteroid_1979\debug\asteroid_1979.tlog\link.14000.read.1.tlog
p:\problem sets vs\opengl_learning\asteroid_1979\debug\asteroid_1979.tlog\link.14000.write.1.tlog
p:\problem sets vs\opengl_learning\asteroid_1979\debug\asteroid_1979.tlog\link.command.1.tlog
p:\problem sets vs\opengl_learning\asteroid_1979\debug\asteroid_1979.tlog\link.read.1.tlog
p:\problem sets vs\opengl_learning\asteroid_1979\debug\asteroid_1979.tlog\link.write.1.tlog
